e:\учеба\6 семестр\системное программирование\курсовая_работа\cr\sysprog-course-work-main\application\debug.interdirectory\application\application.pch
e:\учеба\6 семестр\системное программирование\курсовая_работа\cr\sysprog-course-work-main\application\debug.interdirectory\application\vc142.pdb
e:\учеба\6 семестр\системное программирование\курсовая_работа\cr\sysprog-course-work-main\application\debug.interdirectory\application\vc142.idb
e:\учеба\6 семестр\системное программирование\курсовая_работа\cr\sysprog-course-work-main\application\debug.interdirectory\application\stdafx.obj
e:\учеба\6 семестр\системное программирование\курсовая_работа\cr\sysprog-course-work-main\application\debug.interdirectory\application\resultdlg.obj
e:\учеба\6 семестр\системное программирование\курсовая_работа\cr\sysprog-course-work-main\application\debug.interdirectory\application\game.obj
e:\учеба\6 семестр\системное программирование\курсовая_работа\cr\sysprog-course-work-main\application\debug.interdirectory\application\field.obj
e:\учеба\6 семестр\системное программирование\курсовая_работа\cr\sysprog-course-work-main\application\debug.interdirectory\application\configurationwindow.obj
e:\учеба\6 семестр\системное программирование\курсовая_работа\cr\sysprog-course-work-main\application\debug.interdirectory\application\applicationdlg.obj
e:\учеба\6 семестр\системное программирование\курсовая_работа\cr\sysprog-course-work-main\application\debug.interdirectory\application\application.obj
e:\учеба\6 семестр\системное программирование\курсовая_работа\cr\sysprog-course-work-main\application\debug\application.ilk
e:\учеба\6 семестр\системное программирование\курсовая_работа\cr\sysprog-course-work-main\application\debug\application.exe
e:\учеба\6 семестр\системное программирование\курсовая_работа\cr\sysprog-course-work-main\application\debug\application.pdb
e:\учеба\6 семестр\системное программирование\курсовая_работа\cr\sysprog-course-work-main\application\debug.interdirectory\application\application.res
e:\учеба\6 семестр\системное программирование\курсовая_работа\cr\sysprog-course-work-main\application\debug.interdirectory\application\application.tlog\cl.command.1.tlog
e:\учеба\6 семестр\системное программирование\курсовая_работа\cr\sysprog-course-work-main\application\debug.interdirectory\application\application.tlog\cl.read.1.tlog
e:\учеба\6 семестр\системное программирование\курсовая_работа\cr\sysprog-course-work-main\application\debug.interdirectory\application\application.tlog\cl.write.1.tlog
e:\учеба\6 семестр\системное программирование\курсовая_работа\cr\sysprog-course-work-main\application\debug.interdirectory\application\application.tlog\link.command.1.tlog
e:\учеба\6 семестр\системное программирование\курсовая_работа\cr\sysprog-course-work-main\application\debug.interdirectory\application\application.tlog\link.read.1.tlog
e:\учеба\6 семестр\системное программирование\курсовая_работа\cr\sysprog-course-work-main\application\debug.interdirectory\application\application.tlog\link.write.1.tlog
e:\учеба\6 семестр\системное программирование\курсовая_работа\cr\sysprog-course-work-main\application\debug.interdirectory\application\application.tlog\rc.command.1.tlog
e:\учеба\6 семестр\системное программирование\курсовая_работа\cr\sysprog-course-work-main\application\debug.interdirectory\application\application.tlog\rc.read.1.tlog
e:\учеба\6 семестр\системное программирование\курсовая_работа\cr\sysprog-course-work-main\application\debug.interdirectory\application\application.tlog\rc.write.1.tlog
