  stdafx.cpp
  Application.cpp
  ApplicationDlg.cpp
  ConfigurationWindow.cpp
E:\УЧЕБА\6 семестр\Системное программирование\Курсовая_работа\cr\sysprog-course-work-main\Application\Application\ConfigurationWindow.cpp(35,2): warning C4996: 'itoa': The POSIX name for this item is deprecated. Instead, use the ISO C and C++ conformant name: _itoa. See online help for details.
E:\УЧЕБА\6 семестр\Системное программирование\Курсовая_работа\cr\sysprog-course-work-main\Application\Application\ConfigurationWindow.cpp(38,2): warning C4996: 'itoa': The POSIX name for this item is deprecated. Instead, use the ISO C and C++ conformant name: _itoa. See online help for details.
E:\УЧЕБА\6 семестр\Системное программирование\Курсовая_работа\cr\sysprog-course-work-main\Application\Application\ConfigurationWindow.cpp(41,2): warning C4996: 'itoa': The POSIX name for this item is deprecated. Instead, use the ISO C and C++ conformant name: _itoa. See online help for details.
E:\УЧЕБА\6 семестр\Системное программирование\Курсовая_работа\cr\sysprog-course-work-main\Application\Application\ConfigurationWindow.cpp(44,2): warning C4996: 'itoa': The POSIX name for this item is deprecated. Instead, use the ISO C and C++ conformant name: _itoa. See online help for details.
E:\УЧЕБА\6 семестр\Системное программирование\Курсовая_работа\cr\sysprog-course-work-main\Application\Application\ConfigurationWindow.cpp(47,2): warning C4996: 'itoa': The POSIX name for this item is deprecated. Instead, use the ISO C and C++ conformant name: _itoa. See online help for details.
E:\УЧЕБА\6 семестр\Системное программирование\Курсовая_работа\cr\sysprog-course-work-main\Application\Application\ConfigurationWindow.cpp(50,2): warning C4996: 'itoa': The POSIX name for this item is deprecated. Instead, use the ISO C and C++ conformant name: _itoa. See online help for details.
E:\УЧЕБА\6 семестр\Системное программирование\Курсовая_работа\cr\sysprog-course-work-main\Application\Application\ConfigurationWindow.cpp(53,2): warning C4996: 'itoa': The POSIX name for this item is deprecated. Instead, use the ISO C and C++ conformant name: _itoa. See online help for details.
E:\УЧЕБА\6 семестр\Системное программирование\Курсовая_работа\cr\sysprog-course-work-main\Application\Application\ConfigurationWindow.cpp(56,2): warning C4996: 'itoa': The POSIX name for this item is deprecated. Instead, use the ISO C and C++ conformant name: _itoa. See online help for details.
E:\УЧЕБА\6 семестр\Системное программирование\Курсовая_работа\cr\sysprog-course-work-main\Application\Application\ConfigurationWindow.cpp(59,2): warning C4996: 'itoa': The POSIX name for this item is deprecated. Instead, use the ISO C and C++ conformant name: _itoa. See online help for details.
E:\УЧЕБА\6 семестр\Системное программирование\Курсовая_работа\cr\sysprog-course-work-main\Application\Application\ConfigurationWindow.cpp(62,2): warning C4996: 'itoa': The POSIX name for this item is deprecated. Instead, use the ISO C and C++ conformant name: _itoa. See online help for details.
E:\УЧЕБА\6 семестр\Системное программирование\Курсовая_работа\cr\sysprog-course-work-main\Application\Application\ConfigurationWindow.cpp(65,2): warning C4996: 'itoa': The POSIX name for this item is deprecated. Instead, use the ISO C and C++ conformant name: _itoa. See online help for details.
E:\УЧЕБА\6 семестр\Системное программирование\Курсовая_работа\cr\sysprog-course-work-main\Application\Application\ConfigurationWindow.cpp(68,2): warning C4996: 'itoa': The POSIX name for this item is deprecated. Instead, use the ISO C and C++ conformant name: _itoa. See online help for details.
E:\УЧЕБА\6 семестр\Системное программирование\Курсовая_работа\cr\sysprog-course-work-main\Application\Application\ConfigurationWindow.cpp(71,2): warning C4996: 'itoa': The POSIX name for this item is deprecated. Instead, use the ISO C and C++ conformant name: _itoa. See online help for details.
E:\УЧЕБА\6 семестр\Системное программирование\Курсовая_работа\cr\sysprog-course-work-main\Application\Application\ConfigurationWindow.cpp(74,2): warning C4996: 'itoa': The POSIX name for this item is deprecated. Instead, use the ISO C and C++ conformant name: _itoa. See online help for details.
E:\УЧЕБА\6 семестр\Системное программирование\Курсовая_работа\cr\sysprog-course-work-main\Application\Application\ConfigurationWindow.cpp(77,2): warning C4996: 'itoa': The POSIX name for this item is deprecated. Instead, use the ISO C and C++ conformant name: _itoa. See online help for details.
E:\УЧЕБА\6 семестр\Системное программирование\Курсовая_работа\cr\sysprog-course-work-main\Application\Application\ConfigurationWindow.cpp(80,2): warning C4996: 'itoa': The POSIX name for this item is deprecated. Instead, use the ISO C and C++ conformant name: _itoa. See online help for details.
E:\УЧЕБА\6 семестр\Системное программирование\Курсовая_работа\cr\sysprog-course-work-main\Application\Application\ConfigurationWindow.cpp(83,2): warning C4996: 'sprintf': This function or variable may be unsafe. Consider using sprintf_s instead. To disable deprecation, use _CRT_SECURE_NO_WARNINGS. See online help for details.
E:\УЧЕБА\6 семестр\Системное программирование\Курсовая_работа\cr\sysprog-course-work-main\Application\Application\ConfigurationWindow.cpp(86,2): warning C4996: 'sprintf': This function or variable may be unsafe. Consider using sprintf_s instead. To disable deprecation, use _CRT_SECURE_NO_WARNINGS. See online help for details.
E:\УЧЕБА\6 семестр\Системное программирование\Курсовая_работа\cr\sysprog-course-work-main\Application\Application\ConfigurationWindow.cpp(89,2): warning C4996: 'itoa': The POSIX name for this item is deprecated. Instead, use the ISO C and C++ conformant name: _itoa. See online help for details.
E:\УЧЕБА\6 семестр\Системное программирование\Курсовая_работа\cr\sysprog-course-work-main\Application\Application\ConfigurationWindow.cpp(206,23): warning C4244: =: преобразование "double" в "float", возможна потеря данных
E:\УЧЕБА\6 семестр\Системное программирование\Курсовая_работа\cr\sysprog-course-work-main\Application\Application\ConfigurationWindow.cpp(209,23): warning C4244: =: преобразование "double" в "float", возможна потеря данных
  Field.cpp
  Game.cpp
E:\УЧЕБА\6 семестр\Системное программирование\Курсовая_работа\cr\sysprog-course-work-main\Application\Application\Game.cpp(57,19): warning C4244: аргумент: преобразование "time_t" в "unsigned int", возможна потеря данных
E:\УЧЕБА\6 семестр\Системное программирование\Курсовая_работа\cr\sysprog-course-work-main\Application\Application\Game.cpp(156,23): warning C4305: =: усечение из "double" в "float"
E:\УЧЕБА\6 семестр\Системное программирование\Курсовая_работа\cr\sysprog-course-work-main\Application\Application\Game.cpp(157,23): warning C4305: =: усечение из "double" в "float"
E:\УЧЕБА\6 семестр\Системное программирование\Курсовая_работа\cr\sysprog-course-work-main\Application\Application\Game.cpp(294,21): warning C4018: <: несоответствие типов со знаком и без знака
E:\УЧЕБА\6 семестр\Системное программирование\Курсовая_работа\cr\sysprog-course-work-main\Application\Application\Game.cpp(311,21): warning C4018: <: несоответствие типов со знаком и без знака
E:\УЧЕБА\6 семестр\Системное программирование\Курсовая_работа\cr\sysprog-course-work-main\Application\Application\Game.cpp(203,2): warning C4996: 'strcpy': This function or variable may be unsafe. Consider using strcpy_s instead. To disable deprecation, use _CRT_SECURE_NO_WARNINGS. See online help for details.
E:\УЧЕБА\6 семестр\Системное программирование\Курсовая_работа\cr\sysprog-course-work-main\Application\Application\Game.cpp(219,2): warning C4996: 'strcpy': This function or variable may be unsafe. Consider using strcpy_s instead. To disable deprecation, use _CRT_SECURE_NO_WARNINGS. See online help for details.
E:\УЧЕБА\6 семестр\Системное программирование\Курсовая_работа\cr\sysprog-course-work-main\Application\Application\Game.cpp(505,21): warning C4018: >: несоответствие типов со знаком и без знака
E:\УЧЕБА\6 семестр\Системное программирование\Курсовая_работа\cr\sysprog-course-work-main\Application\Application\Game.cpp(572,18): warning C4244: =: преобразование "float" в "BYTE", возможна потеря данных
E:\УЧЕБА\6 семестр\Системное программирование\Курсовая_работа\cr\sysprog-course-work-main\Application\Application\Game.cpp(575,20): warning C4244: =: преобразование "float" в "BYTE", возможна потеря данных
E:\УЧЕБА\6 семестр\Системное программирование\Курсовая_работа\cr\sysprog-course-work-main\Application\Application\Game.cpp(578,14): warning C4244: инициализация: преобразование "float" в "UINT", возможна потеря данных
E:\УЧЕБА\6 семестр\Системное программирование\Курсовая_работа\cr\sysprog-course-work-main\Application\Application\Game.cpp(596,13): warning C4018: >: несоответствие типов со знаком и без знака
E:\УЧЕБА\6 семестр\Системное программирование\Курсовая_работа\cr\sysprog-course-work-main\Application\Application\Game.cpp(613,8): warning C4018: >: несоответствие типов со знаком и без знака
E:\УЧЕБА\6 семестр\Системное программирование\Курсовая_работа\cr\sysprog-course-work-main\Application\Application\Game.cpp(635,19): warning C4244: аргумент: преобразование "time_t" в "unsigned int", возможна потеря данных
E:\УЧЕБА\6 семестр\Системное программирование\Курсовая_работа\cr\sysprog-course-work-main\Application\Application\Game.cpp(642,20): warning C4018: <: несоответствие типов со знаком и без знака
E:\УЧЕБА\6 семестр\Системное программирование\Курсовая_работа\cr\sysprog-course-work-main\Application\Application\Game.cpp(654,20): warning C4018: <: несоответствие типов со знаком и без знака
E:\УЧЕБА\6 семестр\Системное программирование\Курсовая_работа\cr\sysprog-course-work-main\Application\Application\Game.cpp(690,20): warning C4018: <: несоответствие типов со знаком и без знака
E:\УЧЕБА\6 семестр\Системное программирование\Курсовая_работа\cr\sysprog-course-work-main\Application\Application\Game.cpp(696,9): warning C4018: >=: несоответствие типов со знаком и без знака
E:\УЧЕБА\6 семестр\Системное программирование\Курсовая_работа\cr\sysprog-course-work-main\Application\Application\Game.cpp(696,34): warning C4018: <: несоответствие типов со знаком и без знака
E:\УЧЕБА\6 семестр\Системное программирование\Курсовая_работа\cr\sysprog-course-work-main\Application\Application\Game.cpp(697,9): warning C4018: >=: несоответствие типов со знаком и без знака
E:\УЧЕБА\6 семестр\Системное программирование\Курсовая_работа\cr\sysprog-course-work-main\Application\Application\Game.cpp(697,34): warning C4018: <: несоответствие типов со знаком и без знака
E:\УЧЕБА\6 семестр\Системное программирование\Курсовая_работа\cr\sysprog-course-work-main\Application\Application\Game.cpp(709,12): warning C4018: <: несоответствие типов со знаком и без знака
E:\УЧЕБА\6 семестр\Системное программирование\Курсовая_работа\cr\sysprog-course-work-main\Application\Application\Game.cpp(712,12): warning C4018: <: несоответствие типов со знаком и без знака
E:\УЧЕБА\6 семестр\Системное программирование\Курсовая_работа\cr\sysprog-course-work-main\Application\Application\Game.cpp(715,12): warning C4018: >: несоответствие типов со знаком и без знака
E:\УЧЕБА\6 семестр\Системное программирование\Курсовая_работа\cr\sysprog-course-work-main\Application\Application\Game.cpp(718,12): warning C4018: >: несоответствие типов со знаком и без знака
E:\УЧЕБА\6 семестр\Системное программирование\Курсовая_работа\cr\sysprog-course-work-main\Application\Application\Game.cpp(735,20): warning C4018: <: несоответствие типов со знаком и без знака
E:\УЧЕБА\6 семестр\Системное программирование\Курсовая_работа\cr\sysprog-course-work-main\Application\Application\Game.cpp(740,9): warning C4018: >=: несоответствие типов со знаком и без знака
E:\УЧЕБА\6 семестр\Системное программирование\Курсовая_работа\cr\sysprog-course-work-main\Application\Application\Game.cpp(740,34): warning C4018: <: несоответствие типов со знаком и без знака
E:\УЧЕБА\6 семестр\Системное программирование\Курсовая_работа\cr\sysprog-course-work-main\Application\Application\Game.cpp(741,9): warning C4018: >=: несоответствие типов со знаком и без знака
E:\УЧЕБА\6 семестр\Системное программирование\Курсовая_работа\cr\sysprog-course-work-main\Application\Application\Game.cpp(741,34): warning C4018: <: несоответствие типов со знаком и без знака
E:\УЧЕБА\6 семестр\Системное программирование\Курсовая_работа\cr\sysprog-course-work-main\Application\Application\Game.cpp(753,12): warning C4018: <: несоответствие типов со знаком и без знака
E:\УЧЕБА\6 семестр\Системное программирование\Курсовая_работа\cr\sysprog-course-work-main\Application\Application\Game.cpp(756,12): warning C4018: <: несоответствие типов со знаком и без знака
E:\УЧЕБА\6 семестр\Системное программирование\Курсовая_работа\cr\sysprog-course-work-main\Application\Application\Game.cpp(759,12): warning C4018: >: несоответствие типов со знаком и без знака
E:\УЧЕБА\6 семестр\Системное программирование\Курсовая_работа\cr\sysprog-course-work-main\Application\Application\Game.cpp(762,12): warning C4018: >: несоответствие типов со знаком и без знака
E:\УЧЕБА\6 семестр\Системное программирование\Курсовая_работа\cr\sysprog-course-work-main\Application\Application\Game.cpp(811,20): warning C4018: >=: несоответствие типов со знаком и без знака
E:\УЧЕБА\6 семестр\Системное программирование\Курсовая_работа\cr\sysprog-course-work-main\Application\Application\Game.cpp(817,20): warning C4018: >=: несоответствие типов со знаком и без знака
E:\УЧЕБА\6 семестр\Системное программирование\Курсовая_работа\cr\sysprog-course-work-main\Application\Application\Game.cpp(825,13): warning C4244: return: преобразование "double" в "UINT", возможна потеря данных
E:\УЧЕБА\6 семестр\Системное программирование\Курсовая_работа\cr\sysprog-course-work-main\Application\Application\Game.cpp(927,9): warning C4018: >: несоответствие типов со знаком и без знака
E:\УЧЕБА\6 семестр\Системное программирование\Курсовая_работа\cr\sysprog-course-work-main\Application\Application\Game.cpp(985,12): warning C4244: инициализация: преобразование "float" в "int", возможна потеря данных
E:\УЧЕБА\6 семестр\Системное программирование\Курсовая_работа\cr\sysprog-course-work-main\Application\Application\Game.cpp(1009,22): warning C4018: >: несоответствие типов со знаком и без знака
E:\УЧЕБА\6 семестр\Системное программирование\Курсовая_работа\cr\sysprog-course-work-main\Application\Application\Game.cpp(1017,21): warning C4018: >: несоответствие типов со знаком и без знака
E:\УЧЕБА\6 семестр\Системное программирование\Курсовая_работа\cr\sysprog-course-work-main\Application\Application\Game.cpp(1284,19): warning C4244: аргумент: преобразование "time_t" в "unsigned int", возможна потеря данных
E:\УЧЕБА\6 семестр\Системное программирование\Курсовая_работа\cr\sysprog-course-work-main\Application\Application\Game.cpp(1285,20): warning C4018: <: несоответствие типов со знаком и без знака
E:\УЧЕБА\6 семестр\Системное программирование\Курсовая_работа\cr\sysprog-course-work-main\Application\Application\Game.cpp(1156,16): warning C4996: 'strtok': This function or variable may be unsafe. Consider using strtok_s instead. To disable deprecation, use _CRT_SECURE_NO_WARNINGS. See online help for details.
E:\УЧЕБА\6 семестр\Системное программирование\Курсовая_работа\cr\sysprog-course-work-main\Application\Application\Game.cpp(1163,9): warning C4996: 'strtok': This function or variable may be unsafe. Consider using strtok_s instead. To disable deprecation, use _CRT_SECURE_NO_WARNINGS. See online help for details.
E:\УЧЕБА\6 семестр\Системное программирование\Курсовая_работа\cr\sysprog-course-work-main\Application\Application\Game.cpp(1170,9): warning C4996: 'strtok': This function or variable may be unsafe. Consider using strtok_s instead. To disable deprecation, use _CRT_SECURE_NO_WARNINGS. See online help for details.
E:\УЧЕБА\6 семестр\Системное программирование\Курсовая_работа\cr\sysprog-course-work-main\Application\Application\Game.cpp(1314,20): warning C4018: <: несоответствие типов со знаком и без знака
E:\УЧЕБА\6 семестр\Системное программирование\Курсовая_работа\cr\sysprog-course-work-main\Application\Application\Game.cpp(1335,9): warning C4018: >=: несоответствие типов со знаком и без знака
E:\УЧЕБА\6 семестр\Системное программирование\Курсовая_работа\cr\sysprog-course-work-main\Application\Application\Game.cpp(1335,34): warning C4018: <: несоответствие типов со знаком и без знака
E:\УЧЕБА\6 семестр\Системное программирование\Курсовая_работа\cr\sysprog-course-work-main\Application\Application\Game.cpp(1336,9): warning C4018: >=: несоответствие типов со знаком и без знака
E:\УЧЕБА\6 семестр\Системное программирование\Курсовая_работа\cr\sysprog-course-work-main\Application\Application\Game.cpp(1336,34): warning C4018: <: несоответствие типов со знаком и без знака
E:\УЧЕБА\6 семестр\Системное программирование\Курсовая_работа\cr\sysprog-course-work-main\Application\Application\Game.cpp(1349,12): warning C4018: <: несоответствие типов со знаком и без знака
E:\УЧЕБА\6 семестр\Системное программирование\Курсовая_работа\cr\sysprog-course-work-main\Application\Application\Game.cpp(1352,12): warning C4018: <: несоответствие типов со знаком и без знака
E:\УЧЕБА\6 семестр\Системное программирование\Курсовая_работа\cr\sysprog-course-work-main\Application\Application\Game.cpp(1355,12): warning C4018: >: несоответствие типов со знаком и без знака
E:\УЧЕБА\6 семестр\Системное программирование\Курсовая_работа\cr\sysprog-course-work-main\Application\Application\Game.cpp(1358,12): warning C4018: >: несоответствие типов со знаком и без знака
E:\УЧЕБА\6 семестр\Системное программирование\Курсовая_работа\cr\sysprog-course-work-main\Application\Application\Game.cpp(1526,18): warning C4244: =: преобразование "float" в "BYTE", возможна потеря данных
E:\УЧЕБА\6 семестр\Системное программирование\Курсовая_работа\cr\sysprog-course-work-main\Application\Application\Game.cpp(1529,20): warning C4244: =: преобразование "float" в "BYTE", возможна потеря данных
E:\УЧЕБА\6 семестр\Системное программирование\Курсовая_работа\cr\sysprog-course-work-main\Application\Application\Game.cpp(1554,2): warning C4996: 'itoa': The POSIX name for this item is deprecated. Instead, use the ISO C and C++ conformant name: _itoa. See online help for details.
E:\УЧЕБА\6 семестр\Системное программирование\Курсовая_работа\cr\sysprog-course-work-main\Application\Application\Game.cpp(1556,2): warning C4996: 'itoa': The POSIX name for this item is deprecated. Instead, use the ISO C and C++ conformant name: _itoa. See online help for details.
E:\УЧЕБА\6 семестр\Системное программирование\Курсовая_работа\cr\sysprog-course-work-main\Application\Application\Game.cpp(1558,2): warning C4996: 'itoa': The POSIX name for this item is deprecated. Instead, use the ISO C and C++ conformant name: _itoa. See online help for details.
E:\УЧЕБА\6 семестр\Системное программирование\Курсовая_работа\cr\sysprog-course-work-main\Application\Application\Game.cpp(1560,2): warning C4996: 'itoa': The POSIX name for this item is deprecated. Instead, use the ISO C and C++ conformant name: _itoa. See online help for details.
E:\УЧЕБА\6 семестр\Системное программирование\Курсовая_работа\cr\sysprog-course-work-main\Application\Application\Game.cpp(1567,3): warning C4996: 'itoa': The POSIX name for this item is deprecated. Instead, use the ISO C and C++ conformant name: _itoa. See online help for details.
E:\УЧЕБА\6 семестр\Системное программирование\Курсовая_работа\cr\sysprog-course-work-main\Application\Application\Game.cpp(1575,3): warning C4996: 'itoa': The POSIX name for this item is deprecated. Instead, use the ISO C and C++ conformant name: _itoa. See online help for details.
E:\УЧЕБА\6 семестр\Системное программирование\Курсовая_работа\cr\sysprog-course-work-main\Application\Application\Game.cpp(1751,19): warning C4244: аргумент: преобразование "time_t" в "unsigned int", возможна потеря данных
E:\УЧЕБА\6 семестр\Системное программирование\Курсовая_работа\cr\sysprog-course-work-main\Application\Application\Game.cpp(1757,22): warning C4018: <: несоответствие типов со знаком и без знака
E:\УЧЕБА\6 семестр\Системное программирование\Курсовая_работа\cr\sysprog-course-work-main\Application\Application\Game.cpp(1786,45): warning C4267: инициализация: преобразование из "size_t" в "USHORT"; возможна потеря данных
E:\УЧЕБА\6 семестр\Системное программирование\Курсовая_работа\cr\sysprog-course-work-main\Application\Application\Game.cpp(1920,23): warning C4018: >: несоответствие типов со знаком и без знака
E:\УЧЕБА\6 семестр\Системное программирование\Курсовая_работа\cr\sysprog-course-work-main\Application\Application\Game.cpp(1937,24): warning C4018: >: несоответствие типов со знаком и без знака
E:\УЧЕБА\6 семестр\Системное программирование\Курсовая_работа\cr\sysprog-course-work-main\Application\Application\Game.cpp(1988,24): warning C4018: >: несоответствие типов со знаком и без знака
E:\УЧЕБА\6 семестр\Системное программирование\Курсовая_работа\cr\sysprog-course-work-main\Application\Application\Game.cpp(2114,28): warning C4267: =: преобразование из "size_t" в "USHORT"; возможна потеря данных
  ResultDlg.cpp
  Создание кода...
E:\УЧЕБА\6 семестр\Системное программирование\Курсовая_работа\cr\sysprog-course-work-main\Application\Application\Game.cpp(1489): warning C4715: Game::end: значение возвращается не при всех путях выполнения
E:\УЧЕБА\6 семестр\Системное программирование\Курсовая_работа\cr\sysprog-course-work-main\Application\Application\Game.cpp(2076): warning C4715: Game::startRound: значение возвращается не при всех путях выполнения
  Application.vcxproj -> E:\УЧЕБА\6 семестр\Системное программирование\Курсовая_работа\cr\sysprog-course-work-main\Application\Debug\Application.exe
